  Main.cpp
E:\OpenGL\graphics\VAO.h(26,1): error C3873: '0xa9': this character is not allowed as a first character of an identifier
E:\OpenGL\graphics\VAO.h(26,4): error C4430: missing type specifier - int assumed. Note: C++ does not support default-int
E:\OpenGL\graphics\VAO.h(26,1): error C2146: syntax error: missing ';' before identifier '©'
E:\OpenGL\graphics\EBO.h(7,1): error C2143: syntax error: missing ';' before '{'
E:\OpenGL\graphics\EBO.h(7,1): error C2447: '{': missing function header (old-style formal list?)
E:\OpenGL\graphics\Main.cpp(78,2): error C2065: 'EBO': undeclared identifier
E:\OpenGL\graphics\Main.cpp(78,6): error C2146: syntax error: missing ';' before identifier 'EBO1'
E:\OpenGL\graphics\Main.cpp(78,6): error C3861: 'EBO1': identifier not found
E:\OpenGL\graphics\Main.cpp(85,2): error C2065: 'EBO1': undeclared identifier
E:\OpenGL\graphics\Main.cpp(113,2): error C2065: 'EBO1': undeclared identifier
  nested.cpp
c1xx : fatal  error C1083: Cannot open source file: 'nested.cpp': No such file or directory
  VAO.cpp
E:\OpenGL\graphics\VAO.h(26,1): error C3873: '0xa9': this character is not allowed as a first character of an identifier
E:\OpenGL\graphics\VAO.h(26,4): error C4430: missing type specifier - int assumed. Note: C++ does not support default-int
E:\OpenGL\graphics\VAO.h(26,1): error C2146: syntax error: missing ';' before identifier '©'
E:\OpenGL\graphics\VAO.cpp(5,1): error C2143: syntax error: missing ';' before '{'
E:\OpenGL\graphics\VAO.cpp(5,1): error C2447: '{': missing function header (old-style formal list?)
  VBO.cpp
  Generating Code...
